Forward Hall (0, -1) min y
Astrogation Lab (0, -2) min y
Core Transfer Hub (0, -3) min y
Briefing Room (0, -4) min y
Core Hallway (0, -5) min y
Forward Common Room (0, -6) min y
Central Common Room (0, -7) min y
Rear Common Room (0, -8) min y
Core Hallway (0, -9) min y
Auxillary Control Center (0, -10) min y
Core Hallway (0, -11) min y
Main Science Lab and Research Lab (0, -12) min y
Core Hallway (0, -13) min y
Main Engineering (0, -14) min y
Engineering Corridor (0, -15) min y
Central Fusion Core and Primary Jump Drive (0, -16) min y
Engineering Corridor (0, -17) min y
Mission Preperation Locker Room (0, -18) min y
Shuttle Bay (0, -19) min y
Central Rear Engine Compartment (0, -20) min y
Med Bay (1, -9) max x
Portside Weapons Pod (-1, -3) min x
Portside Weapons Pod (-2, -5) min x
Starboard Weapons Pod (2, -5) max x
(-2, 2)(-20, 0)
(-2, 0)
(-1, 0)
(1, 0)
(2, 0)
(-2, -1)
(-1, -1)
(1, -1)
(2, -1)
(-2, -2)
(-1, -2)
(1, -2)
(2, -2)
(-2, -3)
(2, -3)
(-2, -4)
(2, -4)
(-2, -9)
(-1, -9)
(2, -9)
(-2, -10)
(-1, -10)
(2, -10)
(-2, -11)
(-1, -11)
(2, -11)
(-2, -12)
(-1, -12)
(1, -12)
(2, -12)
(-2, -13)
(-1, -13)
(1, -13)
(2, -13)
(-2, -14)
(-1, -14)
(1, -14)
(2, -14)
(-2, -15)
(-1, -15)
(1, -15)
(2, -15)
(-2, -16)
(-1, -16)
(1, -16)
(2, -16)
(-2, -17)
(-1, -17)
(1, -17)
(2, -17)
(-2, -18)
(-1, -18)
(1, -18)
(2, -18)
(-2, -19)
(-1, -19)
(1, -19)
(2, -19)
(-2, -20)
(-1, -20)
(1, -20)
(2, -20)
  P  
  t  
  t  
 ttt 
 ttt 
ttttt
ttttt
ttttt
ttttt
  tt 
  tt 
  tt 
  t  
  t  
  t  
  t  
  t  
  t  
  t  
  t  
  t  
